Build started 12/17/2015 12:10:13 AM.
     1>Project "C:\Users\user\Documents\Main-Game\OpenGLReview\OpenGLReview\OpenGLReview.vcxproj" on node 2 (Build target(s)).
     1>ClCompile:
         C:\Program Files (x86)\Microsoft Visual Studio 12.0\VC\bin\CL.exe /c /ZI /nologo /W3 /WX- /sdl /Od /Oy- /D _MBCS /Gm /EHsc /RTC1 /MDd /GS /fp:precise /Zc:wchar_t /Zc:forScope /Fo"Debug\\" /Fd"Debug\vc120.pdb" /Gd /TP /analyze- /errorReport:prompt Source.cpp
         Source.cpp
     1>c:\users\user\documents\main-game\openglreview\openglreview\source.cpp(19): warning C4305: 'initializing' : truncation from 'double' to 'float'
     1>c:\users\user\documents\main-game\openglreview\openglreview\source.cpp(77): warning C4244: 'argument' : conversion from 'time_t' to 'unsigned int', possible loss of data
     1>c:\users\user\documents\main-game\openglreview\openglreview\source.cpp(95): warning C4316: 'Shape' : object allocated on the heap may not be aligned 16
     1>c:\users\user\documents\main-game\openglreview\openglreview\source.cpp(99): warning C4316: 'Shape' : object allocated on the heap may not be aligned 16
     1>c:\users\user\documents\main-game\openglreview\openglreview\source.cpp(100): warning C4316: 'Shape' : object allocated on the heap may not be aligned 16
     1>c:\users\user\documents\main-game\openglreview\openglreview\source.cpp(104): warning C4316: 'Shape' : object allocated on the heap may not be aligned 16
     1>c:\users\user\documents\main-game\openglreview\openglreview\source.cpp(105): warning C4316: 'Shape' : object allocated on the heap may not be aligned 16
     1>c:\users\user\documents\main-game\openglreview\openglreview\source.cpp(106): warning C4316: 'Shape' : object allocated on the heap may not be aligned 16
     1>c:\users\user\documents\main-game\openglreview\openglreview\source.cpp(107): warning C4316: 'Shape' : object allocated on the heap may not be aligned 16
     1>c:\users\user\documents\main-game\openglreview\openglreview\source.cpp(114): warning C4316: 'Shape' : object allocated on the heap may not be aligned 16
     1>c:\users\user\documents\main-game\openglreview\openglreview\source.cpp(115): warning C4316: 'Shape' : object allocated on the heap may not be aligned 16
     1>c:\users\user\documents\main-game\openglreview\openglreview\source.cpp(116): warning C4316: 'Shape' : object allocated on the heap may not be aligned 16
     1>c:\users\user\documents\main-game\openglreview\openglreview\source.cpp(117): warning C4316: 'Shape' : object allocated on the heap may not be aligned 16
     1>c:\users\user\documents\main-game\openglreview\openglreview\source.cpp(212): warning C4018: '<' : signed/unsigned mismatch
     1>c:\users\user\documents\main-game\openglreview\openglreview\source.cpp(221): warning C4018: '<' : signed/unsigned mismatch
     1>c:\users\user\documents\main-game\openglreview\openglreview\source.cpp(229): warning C4018: '<' : signed/unsigned mismatch
     1>c:\users\user\documents\main-game\openglreview\openglreview\source.cpp(237): warning C4018: '<' : signed/unsigned mismatch
     1>c:\users\user\documents\main-game\openglreview\openglreview\source.cpp(253): warning C4018: '<' : signed/unsigned mismatch
     1>c:\users\user\documents\main-game\openglreview\openglreview\source.cpp(314): warning C4018: '<' : signed/unsigned mismatch
     1>c:\users\user\documents\main-game\openglreview\openglreview\source.cpp(316): warning C4018: '<' : signed/unsigned mismatch
     1>c:\users\user\documents\main-game\openglreview\openglreview\source.cpp(340): warning C4018: '<' : signed/unsigned mismatch
     1>c:\users\user\documents\main-game\openglreview\openglreview\source.cpp(343): warning C4244: 'initializing' : conversion from 'double' to 'float', possible loss of data
     1>c:\users\user\documents\main-game\openglreview\openglreview\source.cpp(349): warning C4018: '<' : signed/unsigned mismatch
     1>c:\users\user\documents\main-game\openglreview\openglreview\source.cpp(352): warning C4244: 'initializing' : conversion from 'double' to 'float', possible loss of data
       Link:
         C:\Program Files (x86)\Microsoft Visual Studio 12.0\VC\bin\link.exe /ERRORREPORT:PROMPT /OUT:"C:\Users\user\Documents\Main-Game\OpenGLReview\Debug\OpenGLReview.exe" /INCREMENTAL /NOLOGO opengl32.lib glew32.lib glfw3.lib SOIL.lib kernel32.lib user32.lib gdi32.lib winspool.lib comdlg32.lib advapi32.lib shell32.lib ole32.lib oleaut32.lib uuid.lib odbc32.lib odbccp32.lib /MANIFEST /MANIFESTUAC:"level='asInvoker' uiAccess='false'" /manifest:embed /DEBUG /PDB:"C:\Users\user\Documents\Main-Game\OpenGLReview\Debug\OpenGLReview.pdb" /TLBID:1 /DYNAMICBASE /NXCOMPAT /IMPLIB:"C:\Users\user\Documents\Main-Game\OpenGLReview\Debug\OpenGLReview.lib" /MACHINE:X86 Debug\Camera.obj
         Debug\Entity.obj
         Debug\MeshHelper.obj
         Debug\Obb.obj
         Debug\ShaderHelper.obj
         Debug\Shape.obj
         Debug\Source.obj
         SOIL.lib(SOIL.obj) : MSIL .netmodule or module compiled with /GL found; restarting link with /LTCG; add /LTCG to the link command line to improve linker performance
     1>LINK : warning LNK4075: ignoring '/INCREMENTAL' due to '/LTCG' specification
     1>Camera.obj : warning LNK4075: ignoring '/EDITANDCONTINUE' due to '/OPT:LBR' specification
     1>LINK : warning LNK4098: defaultlib 'MSVCRT' conflicts with use of other libs; use /NODEFAULTLIB:library
         Generating code
         Finished generating code
     1>SOIL.lib(SOIL.obj) : warning LNK4099: PDB 'vc110.pdb' was not found with 'SOIL.lib(SOIL.obj)' or at 'C:\Users\user\Documents\Main-Game\OpenGLReview\Debug\vc110.pdb'; linking object as if no debug info
     1>SOIL.lib(stb_image_aug.obj) : warning LNK4099: PDB 'vc110.pdb' was not found with 'SOIL.lib(stb_image_aug.obj)' or at 'C:\Users\user\Documents\Main-Game\OpenGLReview\Debug\vc110.pdb'; linking object as if no debug info
     1>SOIL.lib(image_helper.obj) : warning LNK4099: PDB 'vc110.pdb' was not found with 'SOIL.lib(image_helper.obj)' or at 'C:\Users\user\Documents\Main-Game\OpenGLReview\Debug\vc110.pdb'; linking object as if no debug info
     1>SOIL.lib(image_DXT.obj) : warning LNK4099: PDB 'vc110.pdb' was not found with 'SOIL.lib(image_DXT.obj)' or at 'C:\Users\user\Documents\Main-Game\OpenGLReview\Debug\vc110.pdb'; linking object as if no debug info
         OpenGLReview.vcxproj -> C:\Users\user\Documents\Main-Game\OpenGLReview\Debug\OpenGLReview.exe
     1>Done Building Project "C:\Users\user\Documents\Main-Game\OpenGLReview\OpenGLReview\OpenGLReview.vcxproj" (Build target(s)).

Build succeeded.

Time Elapsed 00:00:05.20
